<?xml version="1.0" encoding="UTF-8"?>
<!-- Generated by org.testng.reporters.JUnitXMLReporter -->
<testsuite hostname="Kawsars-MacBook-Pro-2.local" ignored="0" name="Submit Order Test" tests="3" failures="0" timestamp="17 Oct 2022 22:50:25 GMT" time="23.079" errors="0">
  <testcase name="submitOrder" time="3.665" classname="rahulshettyacademy.tests.SubmitOrderTest"/>
  <testcase name="submitOrder" time="3.619" classname="rahulshettyacademy.tests.SubmitOrderTest"/>
  <testcase name="OrderHistoryTest" time="0.863" classname="rahulshettyacademy.tests.SubmitOrderTest"/>
</testsuite> <!-- Submit Order Test -->
