<?xml version="1.0" encoding="UTF-8"?>
<!-- Generated by org.testng.reporters.JUnitXMLReporter -->
<testsuite ignored="0" hostname="Kawsars-MacBook-Pro-2.local" failures="0" tests="3" name="Submit Order Test" time="22.754" errors="0" timestamp="17 Oct 2022 22:53:03 GMT">
  <testcase classname="rahulshettyacademy.tests.SubmitOrderTest" name="submitOrder" time="3.634"/>
  <testcase classname="rahulshettyacademy.tests.SubmitOrderTest" name="submitOrder" time="3.726"/>
  <testcase classname="rahulshettyacademy.tests.SubmitOrderTest" name="OrderHistoryTest" time="0.856"/>
</testsuite> <!-- Submit Order Test -->
