-------------------------------------------------------------------------------
Test set: TestSuite
-------------------------------------------------------------------------------
Tests run: 6, Failures: 1, Errors: 0, Skipped: 1, Time elapsed: 23.489 s <<< FAILURE! - in TestSuite
LoginErrorValidation(rahulshettyacademy.tests.ErrorValidationsTest)  Time elapsed: 0.652 s  <<< FAILURE!
java.lang.AssertionError: expected [Login Successfully] but found [Incorrect email password.]
	at rahulshettyacademy.tests.ErrorValidationsTest.LoginErrorValidation(ErrorValidationsTest.java:32)

